2013-06-11 16:06:22 : Benutzername bimm1 entfernt : Fehler: name_not_found
2013-06-11 16:06:22 : Benutzername bimm2 entfernt : Fehler: name_not_found
2013-06-11 16:06:22 : Benutzername bimm3 entfernt : Fehler: name_not_found
2013-06-11 16:06:23 : Benutzername bimm4 entfernt : Fehler: name_not_found
2013-06-11 16:06:23 : Benutzername bimm5 entfernt : Fehler: name_not_found
2013-06-11 16:06:23 : Benutzername bimm6 entfernt : Fehler: name_not_found
2013-06-11 16:06:23 : Benutzername bimm7 entfernt : Fehler: name_not_found
2013-06-11 16:06:23 : Benutzername bimm8 entfernt : Fehler: name_not_found
2013-06-11 16:06:23 : Benutzername bimm9 entfernt : Fehler: name_not_found
2013-06-11 16:06:24 : Benutzername bimm10 entfernt : Fehler: name_not_found
2013-06-11 16:06:24 : Benutzername bimm11 entfernt : Fehler: name_not_found
2013-06-11 16:06:24 : Benutzername bimm12 entfernt : Fehler: name_not_found
2013-06-11 16:06:24 : Benutzername bimm13 entfernt : Fehler: name_not_found
2013-06-11 16:06:24 : Benutzername bimm14 entfernt : Fehler: name_not_found
2013-06-11 16:06:25 : Benutzername bimm15 entfernt : Fehler: name_not_found
2013-06-11 16:06:25 : Benutzername bimm16 entfernt : Fehler: name_not_found
2013-06-11 16:06:25 : Benutzername bimm17 entfernt : Fehler: name_not_found
2013-06-11 16:06:25 : Benutzername bimm18 entfernt : Fehler: name_not_found
2013-06-11 16:06:25 : Benutzername bimm19 entfernt : Fehler: name_not_found
2013-06-11 16:06:26 : Benutzername bimm20 entfernt : Fehler: name_not_found
2013-06-11 16:06:26 : Benutzername bimm21 entfernt : Fehler: name_not_found
2013-06-11 16:06:26 : Benutzername bimm22 entfernt : Fehler: name_not_found
2013-06-11 16:06:26 : Benutzername bimm23 entfernt : Fehler: name_not_found
2013-06-11 16:06:26 : Benutzername bimm24 entfernt : Fehler: name_not_found
2013-06-11 16:06:27 : Benutzername bimm25 entfernt : Fehler: name_not_found
2013-06-11 16:06:27 : Benutzername bimm26 entfernt : Fehler: name_not_found
2013-06-11 16:06:27 : Benutzername bimm27 entfernt : Fehler: name_not_found
2013-06-11 16:06:27 : Benutzername bimm28 entfernt : Fehler: name_not_found
2013-06-11 16:06:27 : Benutzername bimm29 entfernt : Fehler: name_not_found
2013-06-11 16:06:27 : Benutzername bimm30 entfernt : Fehler: name_not_found
2013-06-11 16:06:28 : Benutzername bimm31 entfernt : Fehler: name_not_found
2013-06-11 16:06:28 : Benutzername bimm32 entfernt : Fehler: name_not_found
2013-06-11 16:06:28 : Benutzername bimm33 entfernt : Fehler: name_not_found
2013-06-11 16:06:28 : Benutzername bimm34 entfernt : Fehler: name_not_found
2013-06-11 16:06:28 : Benutzername bimm35 entfernt : Fehler: name_not_found
2013-06-11 16:06:29 : Benutzername bimm36 entfernt : Fehler: name_not_found
2013-06-11 16:06:29 : Benutzername bimm37 entfernt : Fehler: name_not_found
2013-06-11 16:06:29 : Benutzername bimm38 entfernt : Fehler: name_not_found
2013-06-11 16:06:29 : Benutzername bimm39 entfernt : Fehler: name_not_found
2013-06-11 16:06:29 : Benutzername bimm40 entfernt : Fehler: name_not_found
2013-06-11 16:06:30 : Benutzername bimm41 entfernt : Fehler: name_not_found
2013-06-11 16:06:30 : Benutzername bimm42 entfernt : Fehler: name_not_found
2013-06-11 16:06:30 : Benutzername bimm43 entfernt : Fehler: name_not_found
2013-06-11 16:06:30 : Benutzername bimm44 entfernt : Fehler: name_not_found
2013-06-11 16:06:30 : Benutzername bimm45 entfernt : Fehler: name_not_found
2013-06-11 16:06:30 : Benutzername bimm46 entfernt : Fehler: name_not_found
2013-06-11 16:06:31 : Benutzername bimm47 entfernt : Fehler: name_not_found
2013-06-11 16:06:31 : Benutzername bimm48 entfernt : Fehler: name_not_found
2013-06-11 16:06:31 : Benutzername bimm49 entfernt : Fehler: name_not_found
2013-06-11 16:06:31 : Benutzername bimm50 entfernt : Fehler: name_not_found
2013-06-11 16:06:31 : Benutzername bimm51 entfernt : Fehler: name_not_found
2013-06-11 16:06:32 : Benutzername bimm52 entfernt : Fehler: name_not_found
2013-06-11 16:06:32 : Benutzername bimm53 entfernt : Fehler: name_not_found
2013-06-11 16:06:32 : Benutzername bimm54 entfernt : Fehler: name_not_found
2013-06-11 16:06:32 : Benutzername bimm55 entfernt : Fehler: name_not_found
2013-06-11 16:06:32 : Benutzername bimm56 entfernt : Fehler: name_not_found
2013-06-11 16:06:33 : Benutzername bimm57 entfernt : Fehler: name_not_found
2013-06-11 16:06:33 : Benutzername bimm58 entfernt : Fehler: name_not_found
2013-06-11 16:06:33 : Benutzername bimm59 entfernt : Fehler: name_not_found
2013-06-11 16:06:33 : Benutzername bimm60 entfernt : Fehler: name_not_found
2013-06-11 16:06:33 : Benutzername bimm61 entfernt : Fehler: name_not_found
2013-06-11 16:06:33 : Benutzername bimm62 entfernt : Fehler: name_not_found
2013-06-11 16:06:34 : Benutzername bimm63 entfernt : Fehler: name_not_found
2013-06-11 16:06:34 : Benutzername bimm64 entfernt : Fehler: name_not_found
2013-06-11 16:06:34 : Benutzername bimm65 entfernt : Fehler: name_not_found
2013-06-11 16:06:34 : Benutzername bimm66 entfernt : Fehler: name_not_found
2013-06-11 16:06:34 : Benutzername bimm67 entfernt : Fehler: name_not_found
2013-06-11 16:06:35 : Benutzername bimm68 entfernt : Fehler: name_not_found
2013-06-11 16:06:35 : Benutzername bimm69 entfernt : Fehler: name_not_found
2013-06-11 16:06:35 : Benutzername bimm70 entfernt : Fehler: name_not_found
2013-06-11 16:06:35 : Benutzername bimm71 entfernt : Fehler: name_not_found
2013-06-11 16:06:35 : Benutzername bimm72 entfernt : Fehler: name_not_found
2013-06-11 16:06:35 : Benutzername bimm73 entfernt : Fehler: name_not_found
2013-06-11 16:06:36 : Benutzername bimm74 entfernt : Fehler: name_not_found
2013-06-11 16:06:36 : Benutzername bimm75 entfernt : Fehler: name_not_found
2013-06-11 16:06:36 : Benutzername bimm76 entfernt : Fehler: name_not_found
2013-06-11 16:06:36 : Benutzername bimm77 entfernt : Fehler: name_not_found
2013-06-11 16:06:36 : Benutzername bimm78 entfernt : Fehler: name_not_found
2013-06-11 16:06:37 : Benutzername bimm79 entfernt : Fehler: name_not_found
2013-06-11 16:06:37 : Benutzername bimm80 entfernt : Fehler: name_not_found
2013-06-11 16:06:37 : Benutzername bimm81 entfernt : Fehler: name_not_found
2013-06-11 16:06:37 : Benutzername bimm82 entfernt : Fehler: name_not_found
2013-06-11 16:06:37 : Benutzername bimm83 entfernt : Fehler: name_not_found
2013-06-11 16:06:37 : Benutzername bimm84 entfernt : Fehler: name_not_found
2013-06-11 16:06:38 : Benutzername bimm85 entfernt : Fehler: name_not_found
2013-06-11 16:06:38 : Benutzername bimm86 entfernt : Fehler: name_not_found
2013-06-11 16:06:38 : Benutzername bimm87 entfernt : Fehler: name_not_found
2013-06-11 16:06:38 : Benutzername bimm88 entfernt : Fehler: name_not_found
2013-06-11 16:06:38 : Benutzername bimm89 entfernt : Fehler: name_not_found
2013-06-11 16:06:39 : Benutzername bimm90 entfernt : Fehler: name_not_found
2013-06-11 16:06:39 : Benutzername bimm91 entfernt : Fehler: name_not_found
2013-06-11 16:06:39 : Benutzername bimm92 entfernt : Fehler: name_not_found
2013-06-11 16:06:39 : Benutzername bimm93 entfernt : Fehler: name_not_found
2013-06-11 16:06:39 : Benutzername bimm94 entfernt : Fehler: name_not_found
2013-06-11 16:06:39 : Benutzername bimm95 entfernt : Fehler: name_not_found
2013-06-11 16:06:40 : Benutzername bimm96 entfernt : Fehler: name_not_found
2013-06-11 16:06:40 : Benutzername bimm97 entfernt : Fehler: name_not_found
2013-06-11 16:06:40 : Benutzername bimm98 entfernt : Fehler: name_not_found
2013-06-11 16:06:41 : Benutzername bimm1050 entfernt : Erfolg
2013-06-11 16:06:41 : Benutzername bimm1051 entfernt : Erfolg
2013-06-11 16:06:41 : Benutzername bimm1052 entfernt : Erfolg
2013-06-11 16:06:42 : Benutzername bimm1053 entfernt : Erfolg
2013-06-11 16:06:42 : Benutzername bimm1054 entfernt : Erfolg
2013-06-11 16:06:42 : Benutzername bimm1055 entfernt : Erfolg
2013-06-11 16:06:42 : Benutzername bimm1056 entfernt : Erfolg
2013-06-11 16:06:42 : Benutzername bimm1057 entfernt : Erfolg
2013-06-11 16:06:43 : Benutzername bimm1058 entfernt : Erfolg
2013-06-11 16:06:43 : Benutzername bimm1059 entfernt : Erfolg
2013-06-11 16:06:43 : Benutzername bimm1060 entfernt : Erfolg
2013-06-11 16:06:43 : Benutzername bimm1061 entfernt : Erfolg
2013-06-11 16:06:43 : Benutzername bimm1062 entfernt : Erfolg
2013-06-11 16:06:44 : Benutzername bimm1063 entfernt : Erfolg
2013-06-11 16:06:44 : Benutzername bimm1064 entfernt : Erfolg
2013-06-11 16:06:44 : Benutzername bimm1065 entfernt : Erfolg
2013-06-11 16:06:44 : Benutzername bimm1066 entfernt : Erfolg
2013-06-11 16:06:44 : Benutzername bimm1067 entfernt : Erfolg
2013-06-11 16:06:45 : Benutzername bimm1068 entfernt : Erfolg
2013-06-11 16:06:45 : Benutzername bimm1069 entfernt : Erfolg
2013-06-11 16:06:45 : Benutzername bimm1070 entfernt : Erfolg
2013-06-11 16:06:45 : Benutzername bimm1071 entfernt : Erfolg
2013-06-11 16:06:45 : Benutzername bimm1072 entfernt : Erfolg
2013-06-11 16:06:46 : Benutzername bimm1073 entfernt : Erfolg
2013-06-11 16:06:46 : Benutzername bimm1074 entfernt : Erfolg
2013-06-11 16:06:46 : Benutzername bimm1075 entfernt : Erfolg
2013-06-11 16:06:46 : Benutzername bimm1076 entfernt : Erfolg
2013-06-11 16:06:46 : Benutzername bimm1077 entfernt : Erfolg
2013-06-11 16:06:46 : Benutzername bimm1078 entfernt : Erfolg
2013-06-11 16:06:47 : Benutzername bimm1079 entfernt : Erfolg
2013-06-11 16:06:47 : Benutzername bimm1080 entfernt : Erfolg
2013-06-11 16:06:47 : Benutzername bimm1081 entfernt : Erfolg
2013-06-11 16:06:47 : Benutzername bimm1082 entfernt : Erfolg
2013-06-11 16:06:47 : Benutzername bimm1083 entfernt : Erfolg
2013-06-11 16:06:48 : Benutzername bimm1084 entfernt : Erfolg
2013-06-11 16:06:48 : Benutzername bimm1085 entfernt : Erfolg
2013-06-11 16:06:48 : Benutzername bimm1086 entfernt : Erfolg
2013-06-11 16:06:48 : Benutzername bimm1087 entfernt : Erfolg
2013-06-11 16:06:48 : Benutzername bimm1088 entfernt : Erfolg
2013-06-11 16:06:49 : Benutzername bimm1089 entfernt : Erfolg
2013-06-11 16:06:49 : Benutzername bimm1090 entfernt : Erfolg
2013-06-11 16:06:49 : Benutzername bimm1091 entfernt : Erfolg
2013-06-11 16:06:49 : Benutzername bimm1092 entfernt : Erfolg
2013-06-11 16:06:49 : Benutzername bimm1093 entfernt : Erfolg
2013-06-11 16:06:50 : Benutzername bimm1094 entfernt : Erfolg
2013-06-11 16:06:50 : Benutzername bimm1095 entfernt : Erfolg
2013-06-11 16:06:50 : Benutzername bimm1096 entfernt : Erfolg
2013-06-11 16:06:50 : Benutzername bimm1097 entfernt : Erfolg
2013-06-11 16:06:50 : Benutzername bimm1098 entfernt : Erfolg
2013-06-11 16:06:50 : Benutzername bimm1099 entfernt : Erfolg
2013-06-11 16:06:51 : Benutzername bimm1100 entfernt : Erfolg
2013-06-11 16:06:51 : Benutzername bimm1101 entfernt : Erfolg
2013-06-11 16:06:51 : Benutzername bimm1102 entfernt : Erfolg
2013-06-11 16:06:51 : Benutzername bimm1103 entfernt : Erfolg
2013-06-11 16:06:51 : Benutzername bimm1104 entfernt : Erfolg
2013-06-11 16:06:52 : Benutzername bimm1105 entfernt : Erfolg
2013-06-11 16:06:52 : Benutzername bimm1106 entfernt : Erfolg
2013-06-11 16:06:52 : Benutzername bimm1107 entfernt : Erfolg
2013-06-11 16:06:52 : Benutzername bimm1108 entfernt : Erfolg
2013-06-11 16:06:52 : Benutzername bimm1109 entfernt : Erfolg
2013-06-11 16:06:52 : Benutzername bimm1110 entfernt : Erfolg
2013-06-11 16:06:53 : Benutzername bimm1111 entfernt : Erfolg
2013-06-11 16:06:53 : Benutzername bimm1112 entfernt : Erfolg
2013-06-11 16:06:53 : Benutzername bimm1113 entfernt : Erfolg
2013-06-11 16:06:53 : Benutzername bimm1114 entfernt : Erfolg
2013-06-11 16:06:53 : Benutzername bimm1115 entfernt : Erfolg
2013-06-11 16:06:54 : Benutzername bimm1116 entfernt : Erfolg
2013-06-11 16:06:54 : Benutzername bimm1117 entfernt : Erfolg
2013-06-11 16:06:54 : Benutzername bimm1118 entfernt : Erfolg
2013-06-11 16:06:54 : Benutzername bimm1119 entfernt : Erfolg
2013-06-11 16:06:54 : Benutzername bimm1120 entfernt : Erfolg
2013-06-11 16:06:54 : Benutzername bimm1121 entfernt : Erfolg
2013-06-11 16:06:55 : Benutzername bimm1122 entfernt : Erfolg
2013-06-11 16:06:55 : Benutzername bimm1123 entfernt : Erfolg
2013-06-11 16:06:55 : Benutzername bimm1124 entfernt : Erfolg
2013-06-11 16:06:55 : Benutzername bimm1125 entfernt : Erfolg
2013-06-11 16:06:55 : Benutzername bimm1126 entfernt : Erfolg
2013-06-11 16:06:56 : Benutzername bimm1127 entfernt : Erfolg
2013-06-11 16:06:56 : Benutzername bimm1128 entfernt : Erfolg
2013-06-11 16:06:56 : Benutzername bimm1129 entfernt : Erfolg
2013-06-11 16:06:56 : Benutzername bimm1130 entfernt : Erfolg
2013-06-11 16:06:56 : Benutzername bimm1131 entfernt : Erfolg
2013-06-11 16:06:56 : Benutzername bimm1132 entfernt : Erfolg
2013-06-11 16:06:57 : Benutzername bimm1133 entfernt : Erfolg
2013-06-11 16:06:57 : Benutzername bimm1134 entfernt : Erfolg
2013-06-11 16:06:57 : Benutzername bimm1135 entfernt : Erfolg
2013-06-11 16:06:57 : Benutzername bimm1136 entfernt : Erfolg
2013-06-11 16:06:57 : Benutzername bimm1137 entfernt : Erfolg
2013-06-11 16:06:58 : Benutzername bimm1138 entfernt : Erfolg
2013-06-11 16:06:58 : Benutzername bimm1139 entfernt : Erfolg
2013-06-11 16:06:58 : Benutzername bimm1140 entfernt : Erfolg
2013-06-11 16:06:58 : Benutzername bimm1141 entfernt : Erfolg
2013-06-11 16:06:58 : Benutzername bimm1142 entfernt : Erfolg
2013-06-11 16:06:58 : Benutzername bimm1143 entfernt : Erfolg
2013-06-11 16:06:59 : Benutzername bimm1144 entfernt : Erfolg
2013-06-11 16:06:59 : Benutzername bimm1145 entfernt : Erfolg
2013-06-11 16:06:59 : Benutzername bimm1146 entfernt : Erfolg
2013-06-11 16:06:59 : Benutzername bimm1147 entfernt : Erfolg
2013-06-11 16:06:59 : Benutzername bimm1148 entfernt : Erfolg
2013-06-11 16:07:00 : Benutzername bimm1149 entfernt : Erfolg
2013-06-11 16:07:00 : Benutzername bimm1150 entfernt : Erfolg
2013-06-11 16:07:00 : Benutzername bimm1151 entfernt : Erfolg
2013-06-11 16:07:00 : Benutzername bimm1152 entfernt : Erfolg
2013-06-11 16:07:00 : Benutzername bimm1153 entfernt : Erfolg
2013-06-11 16:07:00 : Benutzername bimm1154 entfernt : Erfolg
2013-06-11 16:07:01 : Benutzername bimm1155 entfernt : Erfolg
2013-06-11 16:07:01 : Benutzername bimm1156 entfernt : Erfolg
2013-06-11 16:07:01 : Benutzername bimm1157 entfernt : Erfolg
2013-06-11 16:07:01 : Benutzername bimm1158 entfernt : Erfolg
2013-06-11 16:07:01 : Benutzername bimm1159 entfernt : Erfolg
2013-06-11 16:07:01 : Benutzername bimm1160 entfernt : Erfolg
2013-06-11 16:07:02 : Benutzername bimm1161 entfernt : Erfolg
2013-06-11 16:07:02 : Benutzername bimm1162 entfernt : Erfolg
2013-06-11 16:07:02 : Benutzername bimm1163 entfernt : Erfolg
2013-06-11 16:07:02 : Benutzername bimm1164 entfernt : Erfolg
2013-06-11 16:07:02 : Benutzername bimm1165 entfernt : Erfolg
2013-06-11 16:07:02 : Benutzername bimm1166 entfernt : Erfolg
2013-06-11 16:07:03 : Benutzername bimm1167 entfernt : Erfolg
2013-06-11 16:07:03 : Benutzername bimm1168 entfernt : Erfolg
2013-06-11 16:07:03 : Benutzername bimm1169 entfernt : Erfolg
2013-06-11 16:07:03 : Benutzername bimm1170 entfernt : Erfolg
2013-06-11 16:07:03 : Benutzername bimm1171 entfernt : Erfolg
2013-06-11 16:07:03 : Benutzername bimm1172 entfernt : Erfolg
2013-06-11 16:07:04 : Benutzername bimm1173 entfernt : Erfolg
2013-06-11 16:07:04 : Benutzername bimm1174 entfernt : Erfolg
2013-06-11 16:07:04 : Benutzername bimm1175 entfernt : Erfolg
2013-06-11 16:07:04 : Benutzername bimm1176 entfernt : Erfolg
2013-06-11 16:07:04 : Benutzername bimm1177 entfernt : Erfolg
2013-06-11 16:07:05 : Benutzername bimm1178 entfernt : Erfolg
2013-06-11 16:07:05 : Benutzername bimm1179 entfernt : Erfolg
2013-06-11 16:07:05 : Benutzername bimm1180 entfernt : Erfolg
2013-06-11 16:07:05 : Benutzername bimm1181 entfernt : Erfolg
2013-06-11 16:07:05 : Benutzername bimm1182 entfernt : Erfolg
2013-06-11 16:07:05 : Benutzername bimm1183 entfernt : Erfolg
2013-06-11 16:07:06 : Benutzername bimm1184 entfernt : Erfolg
2013-06-11 16:07:06 : Benutzername bimm1185 entfernt : Erfolg
2013-06-11 16:07:06 : Benutzername bimm1186 entfernt : Erfolg
2013-06-11 16:07:06 : Benutzername bimm1187 entfernt : Erfolg
2013-06-11 16:07:06 : Benutzername bimm1188 entfernt : Erfolg
2013-06-11 16:07:06 : Benutzername bimm1189 entfernt : Erfolg
2013-06-11 16:07:07 : Benutzername bimm1190 entfernt : Erfolg
2013-06-11 16:07:07 : Benutzername bimm1191 entfernt : Erfolg
2013-06-11 16:07:07 : Benutzername bimm1192 entfernt : Erfolg
2013-06-11 16:07:07 : Benutzername bimm1193 entfernt : Erfolg
2013-06-11 16:07:07 : Benutzername bimm1194 entfernt : Erfolg
2013-06-11 16:07:07 : Benutzername bimm1195 entfernt : Erfolg
2013-06-11 16:07:08 : Benutzername bimm1196 entfernt : Erfolg
2013-06-11 16:07:08 : Benutzername bimm1197 entfernt : Erfolg
2013-06-11 16:07:08 : Benutzername bimm1198 entfernt : Erfolg
2013-06-11 16:07:08 : Benutzername bimm1199 entfernt : Erfolg
2013-06-11 16:07:08 : Benutzername bimm1200 entfernt : Erfolg
2013-06-11 16:07:08 : Benutzername bimm1201 entfernt : Erfolg
2013-06-11 16:07:09 : Benutzername bimm1202 entfernt : Erfolg
2013-06-11 16:07:09 : Benutzername bimm1203 entfernt : Erfolg
2013-06-11 16:07:09 : Benutzername bimm1204 entfernt : Erfolg
2013-06-11 16:07:09 : Benutzername bimm1205 entfernt : Erfolg
2013-06-11 16:07:09 : Benutzername bimm1206 entfernt : Erfolg
2013-06-11 16:07:09 : Benutzername bimm1207 entfernt : Erfolg
2013-06-11 16:07:10 : Benutzername bimm1208 entfernt : Erfolg
2013-06-11 16:07:10 : Benutzername bimm1209 entfernt : Erfolg
2013-06-11 16:07:10 : Benutzername bimm1210 entfernt : Erfolg
2013-06-11 16:07:10 : Benutzername bimm1211 entfernt : Erfolg
2013-06-11 16:07:10 : Benutzername bimm1212 entfernt : Erfolg
2013-06-11 16:07:10 : Benutzername bimm1213 entfernt : Erfolg
2013-06-11 16:07:10 : Benutzername bimm1214 entfernt : Erfolg
2013-06-11 16:07:11 : Benutzername bimm1215 entfernt : Erfolg
2013-06-11 16:07:11 : Benutzername bimm1216 entfernt : Erfolg
2013-06-11 16:07:11 : Benutzername bimm1217 entfernt : Erfolg
2013-06-11 16:07:11 : Benutzername bimm1218 entfernt : Erfolg
2013-06-11 16:07:11 : Benutzername bimm1219 entfernt : Erfolg
2013-06-11 16:07:11 : Benutzername bimm1220 entfernt : Erfolg
2013-06-11 16:07:12 : Benutzername bimm1221 entfernt : Erfolg
2013-06-11 16:07:12 : Benutzername bimm1222 entfernt : Erfolg
2013-06-11 16:07:12 : Benutzername bimm1223 entfernt : Erfolg
2013-06-11 16:07:12 : Benutzername bimm1224 entfernt : Erfolg
2013-06-11 16:07:29 : Benutzername bimm30 entfernt : Fehler: name_not_found
2013-06-11 16:07:29 : Benutzername bimm31 entfernt : Fehler: name_not_found
2013-06-11 16:07:29 : Benutzername bimm32 entfernt : Fehler: name_not_found
2013-06-11 16:07:29 : Benutzername bimm33 entfernt : Fehler: name_not_found
2013-06-11 16:07:29 : Benutzername bimm34 entfernt : Fehler: name_not_found
2013-06-11 16:07:29 : Benutzername bimm65 entfernt : Fehler: name_not_found
2013-06-11 16:07:30 : Benutzername bimm66 entfernt : Fehler: name_not_found
2013-06-11 16:07:30 : Benutzername bimm67 entfernt : Fehler: name_not_found
2013-06-11 16:07:30 : Benutzername bimm68 entfernt : Fehler: name_not_found
2013-06-11 16:07:30 : Benutzername bimm69 entfernt : Fehler: name_not_found
2013-06-11 16:07:30 : Benutzername bimm100 entfernt : Fehler: name_not_found
2013-06-11 16:07:30 : Benutzername bimm101 entfernt : Fehler: name_not_found
2013-06-11 16:07:30 : Benutzername bimm102 entfernt : Fehler: name_not_found
2013-06-11 16:07:31 : Benutzername bimm103 entfernt : Fehler: name_not_found
2013-06-11 16:07:31 : Benutzername bimm104 entfernt : Fehler: name_not_found
2013-06-11 16:07:31 : Benutzername bimm135 entfernt : Fehler: name_not_found
2013-06-11 16:07:31 : Benutzername bimm136 entfernt : Fehler: name_not_found
2013-06-11 16:07:31 : Benutzername bimm137 entfernt : Fehler: name_not_found
2013-06-11 16:07:31 : Benutzername bimm138 entfernt : Fehler: name_not_found
2013-06-11 16:07:32 : Benutzername bimm139 entfernt : Fehler: name_not_found
2013-06-11 16:07:32 : Benutzername bimm170 entfernt : Fehler: name_not_found
2013-06-11 16:07:32 : Benutzername bimm171 entfernt : Fehler: name_not_found
2013-06-11 16:07:32 : Benutzername bimm172 entfernt : Fehler: name_not_found
2013-06-11 16:07:32 : Benutzername bimm173 entfernt : Fehler: name_not_found
2013-06-11 16:07:32 : Benutzername bimm174 entfernt : Fehler: name_not_found
2013-06-11 16:07:33 : Benutzername bimm205 entfernt : Fehler: name_not_found
2013-06-11 16:07:33 : Benutzername bimm206 entfernt : Fehler: name_not_found
2013-06-11 16:07:33 : Benutzername bimm207 entfernt : Fehler: name_not_found
2013-06-11 16:07:33 : Benutzername bimm208 entfernt : Fehler: name_not_found
2013-06-11 16:07:33 : Benutzername bimm209 entfernt : Fehler: name_not_found
2013-06-11 16:07:33 : Benutzername bimm240 entfernt : Fehler: name_not_found
2013-06-11 16:07:33 : Benutzername bimm241 entfernt : Fehler: name_not_found
2013-06-11 16:07:34 : Benutzername bimm242 entfernt : Fehler: name_not_found
2013-06-11 16:07:34 : Benutzername bimm243 entfernt : Fehler: name_not_found
2013-06-11 16:07:34 : Benutzername bimm244 entfernt : Fehler: name_not_found
2013-06-11 16:07:34 : Benutzername bimm275 entfernt : Fehler: name_not_found
2013-06-11 16:07:34 : Benutzername bimm276 entfernt : Fehler: name_not_found
2013-06-11 16:07:34 : Benutzername bimm277 entfernt : Fehler: name_not_found
2013-06-11 16:07:35 : Benutzername bimm278 entfernt : Fehler: name_not_found
2013-06-11 16:07:35 : Benutzername bimm279 entfernt : Fehler: name_not_found
2013-06-11 16:07:35 : Benutzername bimm310 entfernt : Fehler: name_not_found
2013-06-11 16:07:35 : Benutzername bimm311 entfernt : Fehler: name_not_found
2013-06-11 16:07:35 : Benutzername bimm312 entfernt : Fehler: name_not_found
2013-06-11 16:07:35 : Benutzername bimm313 entfernt : Fehler: name_not_found
2013-06-11 16:07:36 : Benutzername bimm314 entfernt : Fehler: name_not_found
2013-06-11 16:07:36 : Benutzername bimm345 entfernt : Fehler: name_not_found
2013-06-11 16:07:36 : Benutzername bimm346 entfernt : Fehler: name_not_found
2013-06-11 16:07:36 : Benutzername bimm347 entfernt : Fehler: name_not_found
2013-06-11 16:07:36 : Benutzername bimm348 entfernt : Fehler: name_not_found
2013-06-11 16:07:36 : Benutzername bimm349 entfernt : Fehler: name_not_found
2013-06-11 16:07:36 : Benutzername bimm380 entfernt : Fehler: name_not_found
2013-06-11 16:07:37 : Benutzername bimm381 entfernt : Fehler: name_not_found
2013-06-11 16:07:37 : Benutzername bimm382 entfernt : Fehler: name_not_found
2013-06-11 16:07:37 : Benutzername bimm383 entfernt : Fehler: name_not_found
2013-06-11 16:07:37 : Benutzername bimm384 entfernt : Fehler: name_not_found
2013-06-11 16:07:37 : Benutzername bimm415 entfernt : Fehler: name_not_found
2013-06-11 16:07:37 : Benutzername bimm416 entfernt : Fehler: name_not_found
2013-06-11 16:07:38 : Benutzername bimm417 entfernt : Fehler: name_not_found
2013-06-11 16:07:38 : Benutzername bimm418 entfernt : Fehler: name_not_found
2013-06-11 16:07:38 : Benutzername bimm419 entfernt : Fehler: name_not_found
2013-06-11 16:07:38 : Benutzername bimm450 entfernt : Fehler: name_not_found
2013-06-11 16:07:38 : Benutzername bimm451 entfernt : Fehler: name_not_found
2013-06-11 16:07:38 : Benutzername bimm452 entfernt : Fehler: name_not_found
2013-06-11 16:07:39 : Benutzername bimm453 entfernt : Fehler: name_not_found
2013-06-11 16:07:39 : Benutzername bimm454 entfernt : Fehler: name_not_found
2013-06-11 16:07:39 : Benutzername bimm485 entfernt : Fehler: name_not_found
2013-06-11 16:07:39 : Benutzername bimm486 entfernt : Fehler: name_not_found
2013-06-11 16:07:39 : Benutzername bimm487 entfernt : Fehler: name_not_found
2013-06-11 16:07:39 : Benutzername bimm488 entfernt : Fehler: name_not_found
2013-06-11 16:07:40 : Benutzername bimm489 entfernt : Fehler: name_not_found
2013-06-11 16:07:40 : Benutzername bimm520 entfernt : Fehler: name_not_found
2013-06-11 16:07:40 : Benutzername bimm521 entfernt : Fehler: name_not_found
2013-06-11 16:07:40 : Benutzername bimm522 entfernt : Fehler: name_not_found
2013-06-11 16:07:40 : Benutzername bimm523 entfernt : Fehler: name_not_found
2013-06-11 16:07:40 : Benutzername bimm524 entfernt : Fehler: name_not_found
2013-06-11 16:07:41 : Benutzername bimm555 entfernt : Fehler: name_not_found
2013-06-11 16:07:41 : Benutzername bimm556 entfernt : Fehler: name_not_found
2013-06-11 16:07:41 : Benutzername bimm557 entfernt : Fehler: name_not_found
2013-06-11 16:07:41 : Benutzername bimm558 entfernt : Fehler: name_not_found
2013-06-11 16:07:41 : Benutzername bimm559 entfernt : Fehler: name_not_found
2013-06-11 16:07:41 : Benutzername bimm590 entfernt : Fehler: name_not_found
2013-06-11 16:07:42 : Benutzername bimm591 entfernt : Fehler: name_not_found
2013-06-11 16:07:42 : Benutzername bimm592 entfernt : Fehler: name_not_found
2013-06-11 16:07:42 : Benutzername bimm593 entfernt : Fehler: name_not_found
2013-06-11 16:07:42 : Benutzername bimm594 entfernt : Fehler: name_not_found
2013-06-11 16:07:42 : Benutzername bimm625 entfernt : Fehler: name_not_found
2013-06-11 16:07:42 : Benutzername bimm626 entfernt : Fehler: name_not_found
2013-06-11 16:07:42 : Benutzername bimm627 entfernt : Fehler: name_not_found
2013-06-11 16:07:43 : Benutzername bimm628 entfernt : Fehler: name_not_found
2013-06-11 16:07:43 : Benutzername bimm629 entfernt : Fehler: name_not_found
2013-06-11 16:07:43 : Benutzername bimm660 entfernt : Fehler: name_not_found
2013-06-11 16:07:43 : Benutzername bimm661 entfernt : Fehler: name_not_found
2013-06-11 16:07:43 : Benutzername bimm662 entfernt : Fehler: name_not_found
2013-06-11 16:07:43 : Benutzername bimm663 entfernt : Fehler: name_not_found
2013-06-11 16:07:44 : Benutzername bimm664 entfernt : Fehler: name_not_found
2013-06-11 16:07:44 : Benutzername bimm695 entfernt : Fehler: name_not_found
2013-06-11 16:07:44 : Benutzername bimm696 entfernt : Fehler: name_not_found
2013-06-11 16:07:44 : Benutzername bimm697 entfernt : Fehler: name_not_found
2013-06-11 16:07:44 : Benutzername bimm698 entfernt : Fehler: name_not_found
2013-06-11 16:07:44 : Benutzername bimm699 entfernt : Fehler: name_not_found
2013-06-11 16:07:44 : Benutzername bimm730 entfernt : Fehler: name_not_found
2013-06-11 16:07:45 : Benutzername bimm731 entfernt : Fehler: name_not_found
2013-06-11 16:07:45 : Benutzername bimm732 entfernt : Fehler: name_not_found
2013-06-11 16:07:45 : Benutzername bimm733 entfernt : Fehler: name_not_found
2013-06-11 16:07:45 : Benutzername bimm734 entfernt : Fehler: name_not_found
2013-06-11 16:07:45 : Benutzername bimm765 entfernt : Fehler: name_not_found
2013-06-11 16:07:45 : Benutzername bimm766 entfernt : Fehler: name_not_found
2013-06-11 16:07:46 : Benutzername bimm767 entfernt : Fehler: name_not_found
2013-06-11 16:07:46 : Benutzername bimm768 entfernt : Fehler: name_not_found
2013-06-11 16:07:46 : Benutzername bimm769 entfernt : Fehler: name_not_found
2013-06-11 16:07:46 : Benutzername bimm800 entfernt : Fehler: name_not_found
2013-06-11 16:07:46 : Benutzername bimm801 entfernt : Fehler: name_not_found
2013-06-11 16:07:46 : Benutzername bimm802 entfernt : Fehler: name_not_found
2013-06-11 16:07:47 : Benutzername bimm803 entfernt : Fehler: name_not_found
2013-06-11 16:07:47 : Benutzername bimm804 entfernt : Fehler: name_not_found
2013-06-11 16:07:47 : Benutzername bimm835 entfernt : Fehler: name_not_found
2013-06-11 16:07:47 : Benutzername bimm836 entfernt : Fehler: name_not_found
2013-06-11 16:07:47 : Benutzername bimm837 entfernt : Fehler: name_not_found
2013-06-11 16:07:47 : Benutzername bimm838 entfernt : Fehler: name_not_found
2013-06-11 16:07:48 : Benutzername bimm839 entfernt : Fehler: name_not_found
2013-06-11 16:07:48 : Benutzername bimm870 entfernt : Fehler: name_not_found
2013-06-11 16:07:48 : Benutzername bimm871 entfernt : Fehler: name_not_found
2013-06-11 16:07:48 : Benutzername bimm872 entfernt : Fehler: name_not_found
2013-06-11 16:07:48 : Benutzername bimm873 entfernt : Fehler: name_not_found
2013-06-11 16:07:49 : Benutzername bimm874 entfernt : Fehler: name_not_found
2013-06-11 16:07:49 : Benutzername bimm905 entfernt : Erfolg
2013-06-11 16:07:49 : Benutzername bimm906 entfernt : Erfolg
2013-06-11 16:07:49 : Benutzername bimm907 entfernt : Erfolg
2013-06-11 16:07:49 : Benutzername bimm908 entfernt : Erfolg
2013-06-11 16:07:49 : Benutzername bimm909 entfernt : Erfolg
2013-06-11 16:07:50 : Benutzername bimm940 entfernt : Erfolg
2013-06-11 16:07:50 : Benutzername bimm941 entfernt : Erfolg
2013-06-11 16:07:50 : Benutzername bimm942 entfernt : Erfolg
2013-06-11 16:07:50 : Benutzername bimm943 entfernt : Erfolg
2013-06-11 16:07:50 : Benutzername bimm944 entfernt : Erfolg
2013-06-11 16:07:50 : Benutzername bimm975 entfernt : Erfolg
2013-06-11 16:07:50 : Benutzername bimm976 entfernt : Erfolg
2013-06-11 16:07:51 : Benutzername bimm977 entfernt : Erfolg
2013-06-11 16:07:51 : Benutzername bimm978 entfernt : Erfolg
2013-06-11 16:07:51 : Benutzername bimm979 entfernt : Erfolg
2013-06-11 16:07:51 : Benutzername bimm1010 entfernt : Erfolg
2013-06-11 16:07:51 : Benutzername bimm1011 entfernt : Erfolg
2013-06-11 16:07:51 : Benutzername bimm1012 entfernt : Erfolg
2013-06-11 16:07:52 : Benutzername bimm1013 entfernt : Erfolg
2013-06-11 16:07:52 : Benutzername bimm1014 entfernt : Erfolg
2013-06-11 16:07:52 : Benutzername bimm1045 entfernt : Erfolg
2013-06-11 16:07:52 : Benutzername bimm1046 entfernt : Erfolg
2013-06-11 16:07:52 : Benutzername bimm1047 entfernt : Erfolg
2013-06-11 16:07:52 : Benutzername bimm1048 entfernt : Erfolg
2013-06-11 16:07:52 : Benutzername bimm1049 entfernt : Erfolg
2013-06-11 16:07:53 : Benutzername bimm1080 entfernt : Fehler: name_not_found
2013-06-11 16:07:53 : Benutzername bimm1081 entfernt : Fehler: name_not_found
2013-06-11 16:07:53 : Benutzername bimm1082 entfernt : Fehler: name_not_found
2013-06-11 16:07:53 : Benutzername bimm1083 entfernt : Fehler: name_not_found
2013-06-11 16:07:53 : Benutzername bimm1084 entfernt : Fehler: name_not_found
2013-06-11 16:07:53 : Benutzername bimm1115 entfernt : Fehler: name_not_found
2013-06-11 16:07:54 : Benutzername bimm1116 entfernt : Fehler: name_not_found
2013-06-11 16:07:54 : Benutzername bimm1117 entfernt : Fehler: name_not_found
2013-06-11 16:07:54 : Benutzername bimm1118 entfernt : Fehler: name_not_found
2013-06-11 16:07:54 : Benutzername bimm1119 entfernt : Fehler: name_not_found
2013-06-11 16:07:54 : Benutzername bimm1150 entfernt : Fehler: name_not_found
2013-06-11 16:07:54 : Benutzername bimm1151 entfernt : Fehler: name_not_found
2013-06-11 16:07:54 : Benutzername bimm1152 entfernt : Fehler: name_not_found
2013-06-11 16:07:55 : Benutzername bimm1153 entfernt : Fehler: name_not_found
2013-06-11 16:07:55 : Benutzername bimm1154 entfernt : Fehler: name_not_found
2013-06-11 16:07:55 : Benutzername bimm1185 entfernt : Fehler: name_not_found
2013-06-11 16:07:55 : Benutzername bimm1186 entfernt : Fehler: name_not_found
2013-06-11 16:07:55 : Benutzername bimm1187 entfernt : Fehler: name_not_found
2013-06-11 16:07:55 : Benutzername bimm1188 entfernt : Fehler: name_not_found
2013-06-11 16:07:56 : Benutzername bimm1189 entfernt : Fehler: name_not_found
2013-06-11 16:07:56 : Benutzername bimm1220 entfernt : Fehler: name_not_found
2013-06-11 16:07:56 : Benutzername bimm1221 entfernt : Fehler: name_not_found
2013-06-11 16:07:56 : Benutzername bimm1222 entfernt : Fehler: name_not_found
2013-06-11 16:07:56 : Benutzername bimm1223 entfernt : Fehler: name_not_found
2013-06-11 16:07:56 : Benutzername bimm1224 entfernt : Fehler: name_not_found
2013-06-11 16:08:06 : Namensliste ausgegeben : Erfolg
2013-06-11 16:08:06 : Information für Benutzername -schumi- ausgegeben : Erfolg
2013-06-11 16:08:06 : Information für Benutzername 021aet04 ausgegeben : Erfolg
2013-06-11 16:08:07 : Information für Benutzername askazo ausgegeben : Erfolg
2013-06-11 16:08:07 : Information für Benutzername BurY ausgegeben : Erfolg
2013-06-11 16:08:07 : Information für Benutzername CCP1CON ausgegeben : Erfolg
2013-06-11 16:08:07 : Information für Benutzername Christian H ausgegeben : Erfolg
2013-06-11 16:08:07 : Information für Benutzername Der Einsteiger ausgegeben : Erfolg
2013-06-11 16:08:07 : Information für Benutzername Dussel07 ausgegeben : Erfolg
2013-06-11 16:08:07 : Information für Benutzername Günter49 ausgegeben : Erfolg
2013-06-11 16:08:07 : Information für Benutzername HeXPloreR ausgegeben : Erfolg
2013-06-11 16:08:08 : Information für Benutzername ichbinsisyphos ausgegeben : Erfolg
2013-06-11 16:08:08 : Information für Benutzername Informati ausgegeben : Erfolg
2013-06-11 16:08:08 : Information für Benutzername JCrypter ausgegeben : Erfolg
2013-06-11 16:08:08 : Information für Benutzername leibiflo ausgegeben : Erfolg
2013-06-11 16:08:08 : Information für Benutzername m.a.r.v.i.n ausgegeben : Erfolg
2013-06-11 16:08:08 : Information für Benutzername malthy ausgegeben : Erfolg
2013-06-11 16:08:08 : Information für Benutzername Manf ausgegeben : Erfolg
2013-06-11 16:08:08 : Information für Benutzername MisterMou ausgegeben : Erfolg
2013-06-11 16:08:08 : Information für Benutzername qubico ausgegeben : Erfolg
2013-06-11 16:08:09 : Information für Benutzername radbruch ausgegeben : Erfolg
2013-06-11 16:08:09 : Information für Benutzername RAM ausgegeben : Erfolg
2013-06-11 16:08:09 : Information für Benutzername rideyourstyle ausgegeben : Erfolg
2013-06-11 16:08:09 : Information für Benutzername Sebas ausgegeben : Erfolg
2013-06-11 16:08:09 : Information für Benutzername silas ausgegeben : Erfolg
2013-06-11 16:08:09 : Information für Benutzername Slowly ausgegeben : Erfolg
2013-06-11 16:08:09 : Information für Benutzername Staind ausgegeben : Erfolg
2013-06-11 16:08:09 : Information für Benutzername Thorben W ausgegeben : Erfolg
2013-06-11 16:08:09 : Information für Benutzername tucow ausgegeben : Erfolg
2013-06-11 16:08:10 : Information für Benutzername WL ausgegeben : Erfolg
2013-06-11 16:53:51 : Namensliste ausgegeben : Erfolg
2013-06-11 16:53:51 : Information für Benutzername -schumi- ausgegeben : Erfolg
2013-06-11 16:53:51 : Information für Benutzername 021aet04 ausgegeben : Erfolg
2013-06-11 16:53:51 : Information für Benutzername askazo ausgegeben : Erfolg
2013-06-11 16:53:51 : Information für Benutzername BurY ausgegeben : Erfolg
2013-06-11 16:53:51 : Information für Benutzername CCP1CON ausgegeben : Erfolg
2013-06-11 16:53:51 : Information für Benutzername Christian H ausgegeben : Erfolg
2013-06-11 16:53:51 : Information für Benutzername Der Einsteiger ausgegeben : Erfolg
2013-06-11 16:53:52 : Information für Benutzername Dussel07 ausgegeben : Erfolg
2013-06-11 16:53:52 : Information für Benutzername Günter49 ausgegeben : Erfolg
2013-06-11 16:53:52 : Information für Benutzername HeXPloreR ausgegeben : Erfolg
2013-06-11 16:53:52 : Information für Benutzername ichbinsisyphos ausgegeben : Erfolg
2013-06-11 16:53:52 : Information für Benutzername Informati ausgegeben : Erfolg
2013-06-11 16:53:52 : Information für Benutzername JCrypter ausgegeben : Erfolg
2013-06-11 16:53:52 : Information für Benutzername leibiflo ausgegeben : Erfolg
2013-06-11 16:53:52 : Information für Benutzername m.a.r.v.i.n ausgegeben : Erfolg
2013-06-11 16:53:53 : Information für Benutzername malthy ausgegeben : Erfolg
2013-06-11 16:53:53 : Information für Benutzername Manf ausgegeben : Erfolg
2013-06-11 16:53:53 : Information für Benutzername MisterMou ausgegeben : Erfolg
2013-06-11 16:53:53 : Information für Benutzername qubico ausgegeben : Erfolg
2013-06-11 16:53:53 : Information für Benutzername radbruch ausgegeben : Erfolg
2013-06-11 16:53:53 : Information für Benutzername RAM ausgegeben : Erfolg
2013-06-11 16:53:53 : Information für Benutzername rideyourstyle ausgegeben : Erfolg
2013-06-11 16:53:53 : Information für Benutzername Sebas ausgegeben : Erfolg
2013-06-11 16:53:54 : Information für Benutzername silas ausgegeben : Erfolg
2013-06-11 16:53:54 : Information für Benutzername Slowly ausgegeben : Erfolg
2013-06-11 16:53:54 : Information für Benutzername Staind ausgegeben : Erfolg
2013-06-11 16:53:54 : Information für Benutzername Thorben W ausgegeben : Erfolg
2013-06-11 16:53:54 : Information für Benutzername tucow ausgegeben : Erfolg
2013-06-11 16:53:54 : Information für Benutzername WL ausgegeben : Erfolg
2013-06-11 23:12:44 : KML-Datei neu erstellt : Erfolg
2013-06-12 20:13:17 : Information für Benutzername ichbinsisyphos ausgegeben : Erfolg
2013-06-12 20:13:59 : Information für Benutzername ichbinsisyphos ausgegeben : Erfolg
2013-06-12 20:14:05 : Information für Benutzername ichbinsisyphos ausgegeben : Erfolg
2013-06-12 20:14:15 : Information für Benutzername ichbinsisyphos ausgegeben : Erfolg
2013-06-12 21:01:48 : Information für Benutzername ichbinsisyphos ausgegeben : Erfolg
2013-06-13 06:20:39 : Information für Benutzername ichbinsisyphos ausgegeben : Erfolg
2013-06-13 06:20:49 : Information für Benutzername ichbinsisyphos ausgegeben : Erfolg
2013-06-13 06:21:05 : Information für Benutzername ichbinsisyphos überschrieben : Erfolg
2013-06-13 06:21:16 : Namensliste ausgegeben : Erfolg
2013-06-13 06:21:17 : Information für Benutzername -schumi- ausgegeben : Erfolg
2013-06-13 06:21:17 : Information für Benutzername 021aet04 ausgegeben : Erfolg
2013-06-13 06:21:17 : Information für Benutzername askazo ausgegeben : Erfolg
2013-06-13 06:21:17 : Information für Benutzername BurY ausgegeben : Erfolg
2013-06-13 06:21:17 : Information für Benutzername CCP1CON ausgegeben : Erfolg
2013-06-13 06:21:17 : Information für Benutzername Christian H ausgegeben : Erfolg
2013-06-13 06:21:17 : Information für Benutzername Der Einsteiger ausgegeben : Erfolg
2013-06-13 06:21:17 : Information für Benutzername Dussel07 ausgegeben : Erfolg
2013-06-13 06:21:17 : Information für Benutzername Günter49 ausgegeben : Erfolg
2013-06-13 06:21:18 : Information für Benutzername HeXPloreR ausgegeben : Erfolg
2013-06-13 06:21:18 : Information für Benutzername ichbinsisyphos ausgegeben : Erfolg
2013-06-13 06:21:18 : Information für Benutzername Informati ausgegeben : Erfolg
2013-06-13 06:21:18 : Information für Benutzername JCrypter ausgegeben : Erfolg
2013-06-13 06:21:18 : Information für Benutzername leibiflo ausgegeben : Erfolg
2013-06-13 06:21:18 : Information für Benutzername m.a.r.v.i.n ausgegeben : Erfolg
2013-06-13 06:21:18 : Information für Benutzername malthy ausgegeben : Erfolg
2013-06-13 06:21:19 : Information für Benutzername Manf ausgegeben : Erfolg
2013-06-13 06:21:19 : Information für Benutzername MisterMou ausgegeben : Erfolg
2013-06-13 06:21:19 : Information für Benutzername qubico ausgegeben : Erfolg
2013-06-13 06:21:19 : Information für Benutzername radbruch ausgegeben : Erfolg
2013-06-13 06:21:19 : Information für Benutzername RAM ausgegeben : Erfolg
2013-06-13 06:21:19 : Information für Benutzername rideyourstyle ausgegeben : Erfolg
2013-06-13 06:21:19 : Information für Benutzername Sebas ausgegeben : Erfolg
2013-06-13 06:21:19 : Information für Benutzername silas ausgegeben : Erfolg
2013-06-13 06:21:20 : Information für Benutzername Slowly ausgegeben : Erfolg
2013-06-13 06:21:20 : Information für Benutzername Staind ausgegeben : Erfolg
2013-06-13 06:21:20 : Information für Benutzername Thorben W ausgegeben : Erfolg
2013-06-13 06:21:20 : Information für Benutzername tucow ausgegeben : Erfolg
2013-06-13 06:21:20 : Information für Benutzername WL ausgegeben : Erfolg
2013-06-13 06:23:56 : KML-Datei neu erstellt : Erfolg
2013-06-14 00:16:33 : Information für Benutzername ichbinsisyphos ausgegeben : Erfolg
2013-06-14 01:33:48 : Information für Benutzername ichbinsisyphos ausgegeben : Erfolg
2013-06-14 01:36:23 : Information für Benutzername ichbinsisyphos ausgegeben : Erfolg
2013-06-14 01:39:15 : Information für Benutzername Günter ausgegeben : Fehler: name_not_found
2013-06-14 01:39:29 : Namensliste ausgegeben : Erfolg
2013-06-14 01:39:29 : Information für Benutzername -schumi- ausgegeben : Erfolg
2013-06-14 01:39:29 : Information für Benutzername 021aet04 ausgegeben : Erfolg
2013-06-14 01:39:29 : Information für Benutzername askazo ausgegeben : Erfolg
2013-06-14 01:39:29 : Information für Benutzername BurY ausgegeben : Erfolg
2013-06-14 01:39:29 : Information für Benutzername CCP1CON ausgegeben : Erfolg
2013-06-14 01:39:29 : Information für Benutzername Christian H ausgegeben : Erfolg
2013-06-14 01:39:29 : Information für Benutzername Der Einsteiger ausgegeben : Erfolg
2013-06-14 01:39:30 : Information für Benutzername Dussel07 ausgegeben : Erfolg
2013-06-14 01:39:30 : Information für Benutzername Günter49 ausgegeben : Erfolg
2013-06-14 01:39:30 : Information für Benutzername HeXPloreR ausgegeben : Erfolg
2013-06-14 01:39:30 : Information für Benutzername ichbinsisyphos ausgegeben : Erfolg
2013-06-14 01:39:30 : Information für Benutzername Informati ausgegeben : Erfolg
2013-06-14 01:39:30 : Information für Benutzername JCrypter ausgegeben : Erfolg
2013-06-14 01:39:30 : Information für Benutzername leibiflo ausgegeben : Erfolg
2013-06-14 01:39:30 : Information für Benutzername m.a.r.v.i.n ausgegeben : Erfolg
2013-06-14 01:39:31 : Information für Benutzername malthy ausgegeben : Erfolg
2013-06-14 01:39:31 : Information für Benutzername Manf ausgegeben : Erfolg
2013-06-14 01:39:31 : Information für Benutzername MisterMou ausgegeben : Erfolg
2013-06-14 01:39:31 : Information für Benutzername qubico ausgegeben : Erfolg
2013-06-14 01:39:31 : Information für Benutzername radbruch ausgegeben : Erfolg
2013-06-14 01:39:31 : Information für Benutzername RAM ausgegeben : Erfolg
2013-06-14 01:39:31 : Information für Benutzername rideyourstyle ausgegeben : Erfolg
2013-06-14 01:39:31 : Information für Benutzername Sebas ausgegeben : Erfolg
2013-06-14 01:39:32 : Information für Benutzername silas ausgegeben : Erfolg
2013-06-14 01:39:32 : Information für Benutzername Slowly ausgegeben : Erfolg
2013-06-14 01:39:32 : Information für Benutzername Staind ausgegeben : Erfolg
2013-06-14 01:39:32 : Information für Benutzername Thorben W ausgegeben : Erfolg
2013-06-14 01:39:32 : Information für Benutzername tucow ausgegeben : Erfolg
2013-06-14 01:39:32 : Information für Benutzername WL ausgegeben : Erfolg
2013-06-14 01:39:47 : Information für Benutzername Günter49 ausgegeben : Erfolg
2013-06-14 01:42:08 : Information für Benutzername Sebas ausgegeben : Erfolg
2013-06-14 01:45:48 : Namensliste ausgegeben : Erfolg
2013-06-14 01:45:49 : Information für Benutzername -schumi- ausgegeben : Erfolg
2013-06-14 01:45:49 : Information für Benutzername 021aet04 ausgegeben : Erfolg
2013-06-14 01:45:49 : Information für Benutzername askazo ausgegeben : Erfolg
2013-06-14 01:45:49 : Information für Benutzername BurY ausgegeben : Erfolg
2013-06-14 01:45:49 : Information für Benutzername CCP1CON ausgegeben : Erfolg
2013-06-14 01:45:49 : Information für Benutzername Christian H ausgegeben : Erfolg
2013-06-14 01:45:49 : Information für Benutzername Der Einsteiger ausgegeben : Erfolg
2013-06-14 01:45:49 : Information für Benutzername Dussel07 ausgegeben : Erfolg
2013-06-14 01:45:50 : Information für Benutzername Gnter49 ausgegeben : Fehler: name_not_found
2013-06-14 01:45:50 : Information für Benutzername HeXPloreR ausgegeben : Erfolg
2013-06-14 01:45:50 : Information für Benutzername ichbinsisyphos ausgegeben : Erfolg
2013-06-14 01:45:50 : Information für Benutzername Informati ausgegeben : Erfolg
2013-06-14 01:45:50 : Information für Benutzername JCrypter ausgegeben : Erfolg
2013-06-14 01:45:50 : Information für Benutzername leibiflo ausgegeben : Erfolg
2013-06-14 01:45:50 : Information für Benutzername m.a.r.v.i.n ausgegeben : Erfolg
2013-06-14 01:45:50 : Information für Benutzername malthy ausgegeben : Erfolg
2013-06-14 01:45:51 : Information für Benutzername Manf ausgegeben : Erfolg
2013-06-14 01:45:51 : Information für Benutzername MisterMou ausgegeben : Erfolg
2013-06-14 01:45:51 : Information für Benutzername qubico ausgegeben : Erfolg
2013-06-14 01:45:51 : Information für Benutzername radbruch ausgegeben : Erfolg
2013-06-14 01:45:51 : Information für Benutzername RAM ausgegeben : Erfolg
2013-06-14 01:45:51 : Information für Benutzername rideyourstyle ausgegeben : Erfolg
2013-06-14 01:45:51 : Information für Benutzername Sebas ausgegeben : Erfolg
2013-06-14 01:45:51 : Information für Benutzername silas ausgegeben : Erfolg
2013-06-14 01:45:51 : Information für Benutzername Slowly ausgegeben : Erfolg
2013-06-14 01:45:52 : Information für Benutzername Staind ausgegeben : Erfolg
2013-06-14 01:45:52 : Information für Benutzername Thorben W ausgegeben : Erfolg
2013-06-14 01:45:52 : Information für Benutzername tucow ausgegeben : Erfolg
2013-06-14 01:45:52 : Information für Benutzername WL ausgegeben : Erfolg
2013-06-14 01:46:12 : Information für Benutzername Günter49 ausgegeben : Erfolg
2013-06-14 01:47:52 : Information für Benutzername Gnter49 überschrieben : Erfolg
2013-06-14 01:47:59 : Information für Benutzername Günter49 ausgegeben : Erfolg
2013-06-14 01:53:03 : Information für Benutzername Günter49 ausgegeben : Erfolg
2013-06-14 01:55:34 : Information für Benutzername Günter49 ausgegeben : Erfolg
2013-06-14 01:59:02 : Information für Benutzername Günter49 ausgegeben : Erfolg
2013-06-14 02:03:20 : Information für Benutzername Günter49 ausgegeben : Erfolg
2013-06-14 02:05:54 : Unbekannte Aktion angefordert : Fehler: insufficient_arguments
2013-06-14 02:14:26 : Information für Benutzername Günter49 überschrieben : Erfolg
2013-06-14 02:18:37 : Information für Benutzername Günter49 überschrieben : Erfolg
2013-06-14 02:18:44 : Information für Benutzername Günter49 ausgegeben : Erfolg
2013-06-14 02:19:38 : Namensliste ausgegeben : Erfolg
2013-06-14 02:19:38 : Information für Benutzername -schumi- ausgegeben : Erfolg
2013-06-14 02:19:38 : Information für Benutzername 021aet04 ausgegeben : Erfolg
2013-06-14 02:19:38 : Information für Benutzername askazo ausgegeben : Erfolg
2013-06-14 02:19:39 : Information für Benutzername BurY ausgegeben : Erfolg
2013-06-14 02:19:39 : Information für Benutzername CCP1CON ausgegeben : Erfolg
2013-06-14 02:19:39 : Information für Benutzername Christian H ausgegeben : Erfolg
2013-06-14 02:19:39 : Information für Benutzername Der Einsteiger ausgegeben : Erfolg
2013-06-14 02:19:39 : Information für Benutzername Dussel07 ausgegeben : Erfolg
2013-06-14 02:19:39 : Information für Benutzername Gnter49 ausgegeben : Fehler: name_not_found
2013-06-14 02:19:39 : Information für Benutzername HeXPloreR ausgegeben : Erfolg
2013-06-14 02:19:39 : Information für Benutzername ichbinsisyphos ausgegeben : Erfolg
2013-06-14 02:19:40 : Information für Benutzername Informati ausgegeben : Erfolg
2013-06-14 02:19:40 : Information für Benutzername JCrypter ausgegeben : Erfolg
2013-06-14 02:19:40 : Information für Benutzername leibiflo ausgegeben : Erfolg
2013-06-14 02:19:40 : Information für Benutzername m.a.r.v.i.n ausgegeben : Erfolg
2013-06-14 02:19:40 : Information für Benutzername malthy ausgegeben : Erfolg
2013-06-14 02:19:40 : Information für Benutzername Manf ausgegeben : Erfolg
2013-06-14 02:19:40 : Information für Benutzername MisterMou ausgegeben : Erfolg
2013-06-14 02:19:40 : Information für Benutzername qubico ausgegeben : Erfolg
2013-06-14 02:19:41 : Information für Benutzername radbruch ausgegeben : Erfolg
2013-06-14 02:19:41 : Information für Benutzername RAM ausgegeben : Erfolg
2013-06-14 02:19:41 : Information für Benutzername rideyourstyle ausgegeben : Erfolg
2013-06-14 02:19:41 : Information für Benutzername Sebas ausgegeben : Erfolg
2013-06-14 02:19:41 : Information für Benutzername silas ausgegeben : Erfolg
2013-06-14 02:19:41 : Information für Benutzername Slowly ausgegeben : Erfolg
2013-06-14 02:19:41 : Information für Benutzername Staind ausgegeben : Erfolg
2013-06-14 02:19:41 : Information für Benutzername Thorben W ausgegeben : Erfolg
2013-06-14 02:19:41 : Information für Benutzername tucow ausgegeben : Erfolg
2013-06-14 02:19:42 : Information für Benutzername WL ausgegeben : Erfolg
2013-06-14 02:20:20 : Information für Benutzername Günter49 überschrieben : Erfolg
2013-06-14 02:22:51 : Namensliste ausgegeben : Erfolg
2013-06-14 02:22:51 : Information für Benutzername -schumi- ausgegeben : Erfolg
2013-06-14 02:22:51 : Information für Benutzername 021aet04 ausgegeben : Erfolg
2013-06-14 02:22:51 : Information für Benutzername askazo ausgegeben : Erfolg
2013-06-14 02:22:52 : Information für Benutzername BurY ausgegeben : Erfolg
2013-06-14 02:22:52 : Information für Benutzername CCP1CON ausgegeben : Erfolg
2013-06-14 02:22:52 : Information für Benutzername Christian H ausgegeben : Erfolg
2013-06-14 02:22:52 : Information für Benutzername Der Einsteiger ausgegeben : Erfolg
2013-06-14 02:22:52 : Information für Benutzername Dussel07 ausgegeben : Erfolg
2013-06-14 02:22:52 : Information für Benutzername Günter49 ausgegeben : Erfolg
2013-06-14 02:22:52 : Information für Benutzername HeXPloreR ausgegeben : Erfolg
2013-06-14 02:22:52 : Information für Benutzername ichbinsisyphos ausgegeben : Erfolg
2013-06-14 02:22:53 : Information für Benutzername Informati ausgegeben : Erfolg
2013-06-14 02:22:53 : Information für Benutzername JCrypter ausgegeben : Erfolg
2013-06-14 02:22:53 : Information für Benutzername leibiflo ausgegeben : Erfolg
2013-06-14 02:22:53 : Information für Benutzername m.a.r.v.i.n ausgegeben : Erfolg
2013-06-14 02:22:53 : Information für Benutzername malthy ausgegeben : Erfolg
2013-06-14 02:22:53 : Information für Benutzername Manf ausgegeben : Erfolg
2013-06-14 02:22:53 : Information für Benutzername MisterMou ausgegeben : Erfolg
2013-06-14 02:22:53 : Information für Benutzername qubico ausgegeben : Erfolg
2013-06-14 02:22:54 : Information für Benutzername radbruch ausgegeben : Erfolg
2013-06-14 02:22:54 : Information für Benutzername RAM ausgegeben : Erfolg
2013-06-14 02:22:54 : Information für Benutzername rideyourstyle ausgegeben : Erfolg
2013-06-14 02:22:54 : Information für Benutzername Sebas ausgegeben : Erfolg
2013-06-14 02:22:54 : Information für Benutzername silas ausgegeben : Erfolg
2013-06-14 02:22:54 : Information für Benutzername Slowly ausgegeben : Erfolg
2013-06-14 02:22:54 : Information für Benutzername Staind ausgegeben : Erfolg
2013-06-14 02:22:54 : Information für Benutzername Thorben W ausgegeben : Erfolg
2013-06-14 02:22:54 : Information für Benutzername tucow ausgegeben : Erfolg
2013-06-14 02:22:55 : Information für Benutzername WL ausgegeben : Erfolg
2013-06-14 02:22:57 : Namensliste ausgegeben : Erfolg
2013-06-14 02:22:57 : Information für Benutzername -schumi- ausgegeben : Erfolg
2013-06-14 02:22:57 : Information für Benutzername 021aet04 ausgegeben : Erfolg
2013-06-14 02:22:57 : Information für Benutzername askazo ausgegeben : Erfolg
2013-06-14 02:22:57 : Information für Benutzername BurY ausgegeben : Erfolg
2013-06-14 02:22:57 : Information für Benutzername CCP1CON ausgegeben : Erfolg
2013-06-14 02:22:57 : Information für Benutzername Christian H ausgegeben : Erfolg
2013-06-14 02:22:58 : Information für Benutzername Der Einsteiger ausgegeben : Erfolg
2013-06-14 02:22:58 : Information für Benutzername Dussel07 ausgegeben : Erfolg
2013-06-14 02:22:58 : Information für Benutzername Günter49 ausgegeben : Erfolg
2013-06-14 02:22:58 : Information für Benutzername HeXPloreR ausgegeben : Erfolg
2013-06-14 02:22:58 : Information für Benutzername ichbinsisyphos ausgegeben : Erfolg
2013-06-14 02:22:58 : Information für Benutzername Informati ausgegeben : Erfolg
2013-06-14 02:22:58 : Information für Benutzername JCrypter ausgegeben : Erfolg
2013-06-14 02:22:58 : Information für Benutzername leibiflo ausgegeben : Erfolg
2013-06-14 02:22:59 : Information für Benutzername m.a.r.v.i.n ausgegeben : Erfolg
2013-06-14 02:22:59 : Information für Benutzername malthy ausgegeben : Erfolg
2013-06-14 02:22:59 : Information für Benutzername Manf ausgegeben : Erfolg
2013-06-14 02:22:59 : Information für Benutzername MisterMou ausgegeben : Erfolg
2013-06-14 02:22:59 : Information für Benutzername qubico ausgegeben : Erfolg
2013-06-14 02:22:59 : Information für Benutzername radbruch ausgegeben : Erfolg
2013-06-14 02:22:59 : Information für Benutzername RAM ausgegeben : Erfolg
2013-06-14 02:22:59 : Information für Benutzername rideyourstyle ausgegeben : Erfolg
2013-06-14 02:22:59 : Information für Benutzername Sebas ausgegeben : Erfolg
2013-06-14 02:23:00 : Information für Benutzername silas ausgegeben : Erfolg
2013-06-14 02:23:00 : Information für Benutzername Slowly ausgegeben : Erfolg
2013-06-14 02:23:00 : Information für Benutzername Staind ausgegeben : Erfolg
2013-06-14 02:23:00 : Information für Benutzername Thorben W ausgegeben : Erfolg
2013-06-14 02:23:00 : Information für Benutzername tucow ausgegeben : Erfolg
2013-06-14 02:23:00 : Information für Benutzername WL ausgegeben : Erfolg
2013-06-14 02:23:54 : Information für Benutzername Günter49 überschrieben : Erfolg
2013-06-14 06:29:33 : KML-Datei neu erstellt : Erfolg
2013-06-14 08:19:18 : Information für Benutzername ichbinsisyphos ausgegeben : Erfolg
2013-06-14 09:30:35 : Information für Benutzername ichbinsisyphos ausgegeben : Erfolg
2013-06-14 09:30:49 : Information für Benutzername Günter49 ausgegeben : Erfolg
2013-06-14 09:31:11 : Information für Benutzername malthy ausgegeben : Erfolg
2013-06-14 09:31:22 : Information für Benutzername Sebas ausgegeben : Erfolg
2013-06-14 09:31:36 : Namensliste ausgegeben : Erfolg
2013-06-14 09:31:36 : Information für Benutzername -schumi- ausgegeben : Erfolg
2013-06-14 09:31:37 : Information für Benutzername 021aet04 ausgegeben : Erfolg
2013-06-14 09:31:37 : Information für Benutzername askazo ausgegeben : Erfolg
2013-06-14 09:31:37 : Information für Benutzername BurY ausgegeben : Erfolg
2013-06-14 09:31:37 : Information für Benutzername CCP1CON ausgegeben : Erfolg
2013-06-14 09:31:37 : Information für Benutzername Christian H ausgegeben : Erfolg
2013-06-14 09:31:37 : Information für Benutzername Der Einsteiger ausgegeben : Erfolg
2013-06-14 09:31:37 : Information für Benutzername Dussel07 ausgegeben : Erfolg
2013-06-14 09:31:37 : Information für Benutzername Günter49 ausgegeben : Erfolg
2013-06-14 09:31:38 : Information für Benutzername HeXPloreR ausgegeben : Erfolg
2013-06-14 09:31:38 : Information für Benutzername ichbinsisyphos ausgegeben : Erfolg
2013-06-14 09:31:38 : Information für Benutzername Informati ausgegeben : Erfolg
2013-06-14 09:31:38 : Information für Benutzername JCrypter ausgegeben : Erfolg
2013-06-14 09:31:38 : Information für Benutzername leibiflo ausgegeben : Erfolg
2013-06-14 09:31:38 : Information für Benutzername m.a.r.v.i.n ausgegeben : Erfolg
2013-06-14 09:31:38 : Information für Benutzername malthy ausgegeben : Erfolg
2013-06-14 09:31:39 : Information für Benutzername Manf ausgegeben : Erfolg
2013-06-14 09:31:39 : Information für Benutzername MisterMou ausgegeben : Erfolg
2013-06-14 09:31:39 : Information für Benutzername qubico ausgegeben : Erfolg
2013-06-14 09:31:39 : Information für Benutzername radbruch ausgegeben : Erfolg
2013-06-14 09:31:39 : Information für Benutzername RAM ausgegeben : Erfolg
2013-06-14 09:31:39 : Information für Benutzername rideyourstyle ausgegeben : Erfolg
2013-06-14 09:31:39 : Information für Benutzername Sebas ausgegeben : Erfolg
2013-06-14 09:31:39 : Information für Benutzername silas ausgegeben : Erfolg
2013-06-14 09:31:39 : Information für Benutzername Slowly ausgegeben : Erfolg
2013-06-14 09:31:40 : Information für Benutzername Staind ausgegeben : Erfolg
2013-06-14 09:31:40 : Information für Benutzername Thorben W ausgegeben : Erfolg
2013-06-14 09:31:40 : Information für Benutzername tucow ausgegeben : Erfolg
2013-06-14 09:31:40 : Information für Benutzername WL ausgegeben : Erfolg
2013-06-14 09:33:48 : Namensliste ausgegeben : Erfolg
2013-06-14 09:33:48 : Information für Benutzername -schumi- ausgegeben : Erfolg
2013-06-14 09:33:48 : Information für Benutzername 021aet04 ausgegeben : Erfolg
2013-06-14 09:33:48 : Information für Benutzername askazo ausgegeben : Erfolg
2013-06-14 09:33:48 : Information für Benutzername BurY ausgegeben : Erfolg
2013-06-14 09:33:48 : Information für Benutzername CCP1CON ausgegeben : Erfolg
2013-06-14 09:33:49 : Information für Benutzername Christian H ausgegeben : Erfolg
2013-06-14 09:33:49 : Information für Benutzername Der Einsteiger ausgegeben : Erfolg
2013-06-14 09:33:49 : Information für Benutzername Dussel07 ausgegeben : Erfolg
2013-06-14 09:33:49 : Information für Benutzername Günter49 ausgegeben : Erfolg
2013-06-14 09:33:49 : Information für Benutzername HeXPloreR ausgegeben : Erfolg
2013-06-14 09:33:49 : Information für Benutzername ichbinsisyphos ausgegeben : Erfolg
2013-06-14 09:33:49 : Information für Benutzername Informati ausgegeben : Erfolg
2013-06-14 09:33:49 : Information für Benutzername JCrypter ausgegeben : Erfolg
2013-06-14 09:33:50 : Information für Benutzername leibiflo ausgegeben : Erfolg
2013-06-14 09:33:50 : Information für Benutzername m.a.r.v.i.n ausgegeben : Erfolg
2013-06-14 09:33:50 : Information für Benutzername malthy ausgegeben : Erfolg
2013-06-14 09:33:50 : Information für Benutzername Manf ausgegeben : Erfolg
2013-06-14 09:33:50 : Information für Benutzername MisterMou ausgegeben : Erfolg
2013-06-14 09:33:50 : Information für Benutzername qubico ausgegeben : Erfolg
2013-06-14 09:33:50 : Information für Benutzername radbruch ausgegeben : Erfolg
2013-06-14 09:33:50 : Information für Benutzername RAM ausgegeben : Erfolg
2013-06-14 09:33:51 : Information für Benutzername rideyourstyle ausgegeben : Erfolg
2013-06-14 09:33:51 : Information für Benutzername Sebas ausgegeben : Erfolg
2013-06-14 09:33:51 : Information für Benutzername silas ausgegeben : Erfolg
2013-06-14 09:33:51 : Information für Benutzername Slowly ausgegeben : Erfolg
2013-06-14 09:33:51 : Information für Benutzername Staind ausgegeben : Erfolg
2013-06-14 09:33:51 : Information für Benutzername Thorben W ausgegeben : Erfolg
2013-06-14 09:33:51 : Information für Benutzername tucow ausgegeben : Erfolg
2013-06-14 09:33:51 : Information für Benutzername WL ausgegeben : Erfolg
2013-06-14 09:34:38 : Information für Benutzername ßöäüßßer ausgegeben : Fehler: name_not_found
2013-06-14 09:35:02 : Information für Benutzername ßöäüßßer überschrieben : Erfolg
2013-06-14 09:36:57 : KML-Datei neu erstellt : Erfolg
2013-06-14 09:37:14 : Namensliste ausgegeben : Erfolg
2013-06-14 09:37:14 : Information für Benutzername -schumi- ausgegeben : Erfolg
2013-06-14 09:37:14 : Information für Benutzername 021aet04 ausgegeben : Erfolg
2013-06-14 09:37:14 : Information für Benutzername askazo ausgegeben : Erfolg
2013-06-14 09:37:14 : Information für Benutzername BurY ausgegeben : Erfolg
2013-06-14 09:37:14 : Information für Benutzername CCP1CON ausgegeben : Erfolg
2013-06-14 09:37:14 : Information für Benutzername Christian H ausgegeben : Erfolg
2013-06-14 09:37:15 : Information für Benutzername Der Einsteiger ausgegeben : Erfolg
2013-06-14 09:37:15 : Information für Benutzername Dussel07 ausgegeben : Erfolg
2013-06-14 09:37:15 : Information für Benutzername Günter49 ausgegeben : Erfolg
2013-06-14 09:37:15 : Information für Benutzername HeXPloreR ausgegeben : Erfolg
2013-06-14 09:37:15 : Information für Benutzername ichbinsisyphos ausgegeben : Erfolg
2013-06-14 09:37:15 : Information für Benutzername Informati ausgegeben : Erfolg
2013-06-14 09:37:15 : Information für Benutzername JCrypter ausgegeben : Erfolg
2013-06-14 09:37:15 : Information für Benutzername leibiflo ausgegeben : Erfolg
2013-06-14 09:37:16 : Information für Benutzername m.a.r.v.i.n ausgegeben : Erfolg
2013-06-14 09:37:16 : Information für Benutzername malthy ausgegeben : Erfolg
2013-06-14 09:37:16 : Information für Benutzername Manf ausgegeben : Erfolg
2013-06-14 09:37:16 : Information für Benutzername MisterMou ausgegeben : Erfolg
2013-06-14 09:37:16 : Information für Benutzername qubico ausgegeben : Erfolg
2013-06-14 09:37:16 : Information für Benutzername radbruch ausgegeben : Erfolg
2013-06-14 09:37:16 : Information für Benutzername RAM ausgegeben : Erfolg
2013-06-14 09:37:16 : Information für Benutzername rideyourstyle ausgegeben : Erfolg
2013-06-14 09:37:17 : Information für Benutzername Sebas ausgegeben : Erfolg
2013-06-14 09:37:17 : Information für Benutzername silas ausgegeben : Erfolg
2013-06-14 09:37:17 : Information für Benutzername Slowly ausgegeben : Erfolg
2013-06-14 09:37:17 : Information für Benutzername Staind ausgegeben : Erfolg
2013-06-14 09:37:17 : Information für Benutzername Thorben W ausgegeben : Erfolg
2013-06-14 09:37:17 : Information für Benutzername tucow ausgegeben : Erfolg
2013-06-14 09:37:17 : Information für Benutzername WL ausgegeben : Erfolg
2013-06-14 09:46:43 : KML-Datei neu erstellt : Erfolg
2013-06-14 09:54:12 : KML-Datei neu erstellt : Erfolg
2013-06-14 09:55:38 : KML-Datei neu erstellt : Erfolg
2013-06-14 10:01:25 : KML-Datei neu erstellt : Erfolg
2013-06-14 10:02:09 : KML-Datei neu erstellt : Erfolg
2013-06-14 10:07:34 : KML-Datei neu erstellt : Erfolg
2013-06-14 10:07:45 : KML-Datei neu erstellt : Erfolg
2013-06-14 10:07:46 : KML-Datei neu erstellt : Erfolg
2013-06-14 10:08:07 : KML-Datei neu erstellt : Erfolg
2013-06-14 10:08:48 : Information für Benutzername ichbinsisyphos ausgegeben : Erfolg
2013-06-14 10:09:01 : Information für Benutzername ichbinsisyphos überschrieben : Erfolg
2013-06-14 10:09:56 : Information für Benutzername ichbinsisyphos ausgegeben : Erfolg
2013-06-14 10:10:01 : Information für Benutzername ichbinsisyphos überschrieben : Erfolg
2013-06-14 10:10:30 : Namensliste ausgegeben : Erfolg
2013-06-14 10:10:30 : Information für Benutzername -schumi- ausgegeben : Erfolg
2013-06-14 10:10:30 : Information für Benutzername 021aet04 ausgegeben : Erfolg
2013-06-14 10:10:30 : Information für Benutzername askazo ausgegeben : Erfolg
2013-06-14 10:10:30 : Information für Benutzername BurY ausgegeben : Erfolg
2013-06-14 10:10:30 : Information für Benutzername CCP1CON ausgegeben : Erfolg
2013-06-14 10:10:31 : Information für Benutzername Christian H ausgegeben : Erfolg
2013-06-14 10:10:31 : Information für Benutzername Der Einsteiger ausgegeben : Erfolg
2013-06-14 10:10:31 : Information für Benutzername Dussel07 ausgegeben : Erfolg
2013-06-14 10:10:31 : Information für Benutzername Günter49 ausgegeben : Erfolg
2013-06-14 10:10:31 : Information für Benutzername HeXPloreR ausgegeben : Erfolg
2013-06-14 10:10:31 : Information für Benutzername ichbinsisyphos ausgegeben : Erfolg
2013-06-14 10:10:31 : Information für Benutzername Informati ausgegeben : Erfolg
2013-06-14 10:10:31 : Information für Benutzername JCrypter ausgegeben : Erfolg
2013-06-14 10:10:32 : Information für Benutzername leibiflo ausgegeben : Erfolg
2013-06-14 10:10:32 : Information für Benutzername m.a.r.v.i.n ausgegeben : Erfolg
2013-06-14 10:10:32 : Information für Benutzername malthy ausgegeben : Erfolg
2013-06-14 10:10:32 : Information für Benutzername Manf ausgegeben : Erfolg
2013-06-14 10:10:32 : Information für Benutzername MisterMou ausgegeben : Erfolg
2013-06-14 10:10:32 : Information für Benutzername qubico ausgegeben : Erfolg
2013-06-14 10:10:32 : Information für Benutzername radbruch ausgegeben : Erfolg
2013-06-14 10:10:32 : Information für Benutzername RAM ausgegeben : Erfolg
2013-06-14 10:10:33 : Information für Benutzername rideyourstyle ausgegeben : Erfolg
2013-06-14 10:10:33 : Information für Benutzername Sebas ausgegeben : Erfolg
2013-06-14 10:10:33 : Information für Benutzername silas ausgegeben : Erfolg
2013-06-14 10:10:33 : Information für Benutzername Slowly ausgegeben : Erfolg
2013-06-14 10:10:33 : Information für Benutzername Staind ausgegeben : Erfolg
2013-06-14 10:10:33 : Information für Benutzername Thorben W ausgegeben : Erfolg
2013-06-14 10:10:33 : Information für Benutzername tucow ausgegeben : Erfolg
2013-06-14 10:10:33 : Information für Benutzername WL ausgegeben : Erfolg
2013-06-14 10:23:42 : Information für Benutzername ichbinsisyphos ausgegeben : Erfolg
2013-06-14 10:25:13 : KML-Datei neu erstellt : Erfolg
2013-06-14 12:54:36 : Information für Benutzername ichbinsisyphos ausgegeben : Erfolg
2013-06-14 14:40:01 : Information für Benutzername ichbinsisyphos ausgegeben : Erfolg
2013-06-16 17:58:41 : Information für Benutzername ichbinsisyphos ausgegeben : Erfolg
2013-06-16 17:58:59 : Information für Benutzername ichbinsisyphos ausgegeben : Erfolg
2013-06-16 17:59:24 : KML-Datei neu erstellt : Erfolg
2013-06-16 17:59:31 : Information für Benutzername ichbinsisyphos ausgegeben : Erfolg
2013-06-16 17:59:47 : Namensliste ausgegeben : Erfolg
2013-06-16 17:59:47 : Information für Benutzername -schumi- ausgegeben : Erfolg
2013-06-16 17:59:47 : Information für Benutzername 021aet04 ausgegeben : Erfolg
2013-06-16 17:59:47 : Information für Benutzername askazo ausgegeben : Erfolg
2013-06-16 17:59:48 : Information für Benutzername BurY ausgegeben : Erfolg
2013-06-16 17:59:48 : Information für Benutzername CCP1CON ausgegeben : Erfolg
2013-06-16 17:59:48 : Information für Benutzername Christian H ausgegeben : Erfolg
2013-06-16 17:59:48 : Information für Benutzername Der Einsteiger ausgegeben : Erfolg
2013-06-16 17:59:48 : Information für Benutzername Dussel07 ausgegeben : Erfolg
2013-06-16 17:59:48 : Information für Benutzername Günter49 ausgegeben : Erfolg
2013-06-16 17:59:48 : Information für Benutzername HeXPloreR ausgegeben : Erfolg
2013-06-16 17:59:49 : Information für Benutzername ichbinsisyphos ausgegeben : Erfolg
2013-06-16 17:59:49 : Information für Benutzername Informati ausgegeben : Erfolg
2013-06-16 17:59:49 : Information für Benutzername JCrypter ausgegeben : Erfolg
2013-06-16 17:59:49 : Information für Benutzername leibiflo ausgegeben : Erfolg
2013-06-16 17:59:49 : Information für Benutzername m.a.r.v.i.n ausgegeben : Erfolg
2013-06-16 17:59:49 : Information für Benutzername malthy ausgegeben : Erfolg
2013-06-16 17:59:49 : Information für Benutzername Manf ausgegeben : Erfolg
2013-06-16 17:59:49 : Information für Benutzername MisterMou ausgegeben : Erfolg
2013-06-16 17:59:50 : Information für Benutzername qubico ausgegeben : Erfolg
2013-06-16 17:59:50 : Information für Benutzername radbruch ausgegeben : Erfolg
2013-06-16 17:59:50 : Information für Benutzername RAM ausgegeben : Erfolg
2013-06-16 17:59:50 : Information für Benutzername rideyourstyle ausgegeben : Erfolg
2013-06-16 17:59:50 : Information für Benutzername Sebas ausgegeben : Erfolg
2013-06-16 17:59:50 : Information für Benutzername silas ausgegeben : Erfolg
2013-06-16 17:59:50 : Information für Benutzername Slowly ausgegeben : Erfolg
2013-06-16 17:59:50 : Information für Benutzername Staind ausgegeben : Erfolg
2013-06-16 17:59:51 : Information für Benutzername Thorben W ausgegeben : Erfolg
2013-06-16 17:59:51 : Information für Benutzername tucow ausgegeben : Erfolg
2013-06-16 17:59:51 : Information für Benutzername WL ausgegeben : Erfolg
2013-06-16 18:00:07 : Information für Benutzername ichbinsisyphos ausgegeben : Erfolg
2013-06-16 18:18:30 : Information für Benutzername Thorben W ausgegeben : Erfolg
2013-06-16 22:04:19 : Namensliste ausgegeben : Erfolg
2013-06-16 22:04:19 : Information für Benutzername -schumi- ausgegeben : Erfolg
2013-06-16 22:04:19 : Information für Benutzername 021aet04 ausgegeben : Erfolg
2013-06-16 22:04:19 : Information für Benutzername askazo ausgegeben : Erfolg
2013-06-16 22:04:19 : Information für Benutzername BurY ausgegeben : Erfolg
2013-06-16 22:04:19 : Information für Benutzername CCP1CON ausgegeben : Erfolg
2013-06-16 22:04:20 : Information für Benutzername Christian H ausgegeben : Erfolg
2013-06-16 22:04:20 : Information für Benutzername Der Einsteiger ausgegeben : Erfolg
2013-06-16 22:04:20 : Information für Benutzername Dussel07 ausgegeben : Erfolg
2013-06-16 22:04:20 : Information für Benutzername Günter49 ausgegeben : Erfolg
2013-06-16 22:04:20 : Information für Benutzername HeXPloreR ausgegeben : Erfolg
2013-06-16 22:04:20 : Information für Benutzername ichbinsisyphos ausgegeben : Erfolg
2013-06-16 22:04:20 : Information für Benutzername Informati ausgegeben : Erfolg
2013-06-16 22:04:21 : Information für Benutzername JCrypter ausgegeben : Erfolg
2013-06-16 22:04:21 : Information für Benutzername leibiflo ausgegeben : Erfolg
2013-06-16 22:04:21 : Information für Benutzername m.a.r.v.i.n ausgegeben : Erfolg
2013-06-16 22:04:21 : Information für Benutzername malthy ausgegeben : Erfolg
2013-06-16 22:04:21 : Information für Benutzername Manf ausgegeben : Erfolg
2013-06-16 22:04:21 : Information für Benutzername MisterMou ausgegeben : Erfolg
2013-06-16 22:04:21 : Information für Benutzername qubico ausgegeben : Erfolg
2013-06-16 22:04:22 : Information für Benutzername radbruch ausgegeben : Erfolg
2013-06-16 22:04:22 : Information für Benutzername RAM ausgegeben : Erfolg
2013-06-16 22:04:22 : Information für Benutzername rideyourstyle ausgegeben : Erfolg
2013-06-16 22:04:22 : Information für Benutzername Sebas ausgegeben : Erfolg
2013-06-16 22:04:22 : Information für Benutzername silas ausgegeben : Erfolg
2013-06-16 22:04:22 : Information für Benutzername Slowly ausgegeben : Erfolg
2013-06-16 22:04:22 : Information für Benutzername Staind ausgegeben : Erfolg
2013-06-16 22:04:22 : Information für Benutzername Thorben W ausgegeben : Erfolg
2013-06-16 22:04:23 : Information für Benutzername tucow ausgegeben : Erfolg
2013-06-16 22:04:23 : Information für Benutzername WL ausgegeben : Erfolg
2013-06-16 22:04:30 : Information für Benutzername ichbinsisyphos ausgegeben : Erfolg
2013-06-18 02:34:21 : Information für Benutzername ichbinsisyphos ausgegeben : Erfolg
2013-06-18 02:34:44 : Information für Benutzername ichbinsisyphos überschrieben : Erfolg
2013-06-18 06:00:56 : Information für Benutzername ichbinsisyphos ausgegeben : Erfolg
2013-06-18 10:22:32 : Information für Benutzername ichbinsisyphos ausgegeben : Erfolg
2013-06-19 21:04:56 : Information für Benutzername ichbinsisyphos ausgegeben : Erfolg
2013-06-19 21:05:12 : Information für Benutzername ichbinsisyphos ausgegeben : Erfolg
2013-06-19 21:05:17 : Information für Benutzername ichbinsisyphos ausgegeben : Erfolg
2013-06-20 16:25:22 : Information für Benutzername ichbinsisyphos ausgegeben : Erfolg
2013-06-20 18:24:29 : KML-Datei neu erstellt : Erfolg
2013-06-20 18:46:54 : Information für Benutzername ichbinsisyphos ausgegeben : Erfolg
2013-06-20 18:47:36 : Namensliste ausgegeben : Erfolg
2013-06-20 18:47:36 : Information für Benutzername -schumi- ausgegeben : Erfolg
2013-06-20 18:47:36 : Information für Benutzername 021aet04 ausgegeben : Erfolg
2013-06-20 18:47:36 : Information für Benutzername askazo ausgegeben : Erfolg
2013-06-20 18:47:36 : Information für Benutzername BurY ausgegeben : Erfolg
2013-06-20 18:47:36 : Information für Benutzername CCP1CON ausgegeben : Erfolg
2013-06-20 18:47:37 : Information für Benutzername Christian H ausgegeben : Erfolg
2013-06-20 18:47:37 : Information für Benutzername Der Einsteiger ausgegeben : Erfolg
2013-06-20 18:47:37 : Information für Benutzername Dussel07 ausgegeben : Erfolg
2013-06-20 18:47:37 : Information für Benutzername Günter49 ausgegeben : Erfolg
2013-06-20 18:47:37 : Information für Benutzername HeXPloreR ausgegeben : Erfolg
2013-06-20 18:47:37 : Information für Benutzername ichbinsisyphos ausgegeben : Erfolg
2013-06-20 18:47:37 : Information für Benutzername Informati ausgegeben : Erfolg
2013-06-20 18:47:38 : Information für Benutzername JCrypter ausgegeben : Erfolg
2013-06-20 18:47:38 : Information für Benutzername leibiflo ausgegeben : Erfolg
2013-06-20 18:47:38 : Information für Benutzername m.a.r.v.i.n ausgegeben : Erfolg
2013-06-20 18:47:38 : Information für Benutzername malthy ausgegeben : Erfolg
2013-06-20 18:47:38 : Information für Benutzername Manf ausgegeben : Erfolg
2013-06-20 18:47:38 : Information für Benutzername MisterMou ausgegeben : Erfolg
2013-06-20 18:47:38 : Information für Benutzername qubico ausgegeben : Erfolg
2013-06-20 18:47:39 : Information für Benutzername radbruch ausgegeben : Erfolg
2013-06-20 18:47:39 : Information für Benutzername RAM ausgegeben : Erfolg
2013-06-20 18:47:39 : Information für Benutzername rideyourstyle ausgegeben : Erfolg
2013-06-20 18:47:39 : Information für Benutzername Sebas ausgegeben : Erfolg
2013-06-20 18:47:39 : Information für Benutzername silas ausgegeben : Erfolg
2013-06-20 18:47:39 : Information für Benutzername Slowly ausgegeben : Erfolg
2013-06-20 18:47:39 : Information für Benutzername Staind ausgegeben : Erfolg
2013-06-20 18:47:39 : Information für Benutzername Thorben W ausgegeben : Erfolg
2013-06-20 18:47:40 : Information für Benutzername tucow ausgegeben : Erfolg
2013-06-20 18:47:40 : Information für Benutzername WL ausgegeben : Erfolg
2013-06-20 18:48:00 : Information für Benutzername ichbinsisyphos ausgegeben : Erfolg
2013-06-20 18:48:45 : Information für Benutzername ichbinsisyphos ausgegeben : Erfolg
2013-06-20 18:51:10 : Information für Benutzername ichbinsisyphos ausgegeben : Erfolg
2013-06-20 18:52:09 : Information für Benutzername ichbinsisyphos ausgegeben : Erfolg
2013-06-20 18:52:41 : Information für Benutzername ichbinsisyphos ausgegeben : Erfolg
2013-06-20 18:54:48 : Information für Benutzername ichbinsisyphos ausgegeben : Erfolg
2013-06-20 18:58:39 : Information für Benutzername ichbinsisyphos ausgegeben : Erfolg
2013-06-20 19:04:42 : Information für Benutzername ichbinsisyphos ausgegeben : Erfolg
2013-06-20 19:11:50 : Information für Benutzername ichbinsisyphos ausgegeben : Erfolg
2013-06-20 19:16:31 : Information für Benutzername ichbinsisyphos ausgegeben : Erfolg
2013-06-20 19:16:37 : Information für Benutzername ichbinsisyphos ausgegeben : Erfolg
2013-06-20 19:18:01 : Information für Benutzername ichbinsisyphos ausgegeben : Erfolg
2013-06-20 19:19:26 : Information für Benutzername ichbinsisyphos ausgegeben : Erfolg
2013-06-20 19:20:03 : Information für Benutzername ichbinsisyphos ausgegeben : Erfolg
2013-06-20 19:21:12 : Information für Benutzername ichbinsisyphos ausgegeben : Erfolg
2013-06-20 19:23:40 : Information für Benutzername ichbinsisypho ausgegeben : Fehler: name_not_found
2013-06-20 19:24:28 : Information für Benutzername ichbinsisyphos ausgegeben : Erfolg
2013-06-20 19:38:16 : Information für Benutzername ichbinsisyphos ausgegeben : Erfolg
2013-06-20 20:09:34 : KML-Datei neu erstellt : Erfolg
2013-06-20 20:39:41 : Information für Benutzername ichbinsisyphos ausgegeben : Erfolg
2013-06-20 23:17:39 : Information für Benutzername ichbinsisyphos ausgegeben : Erfolg
2013-06-20 23:18:19 : Information für Benutzername ichbinsisyphos ausgegeben : Erfolg
2013-06-20 23:24:45 : Information für Benutzername ichbinsisyphos ausgegeben : Erfolg
2013-06-20 23:32:36 : Information für Benutzername ichbinsisyphos ausgegeben : Erfolg
2013-06-20 23:33:18 : Information für Benutzername ichbinsisyphos ausgegeben : Erfolg
2013-06-20 23:34:51 : Information für Benutzername ichbinsisyphos ausgegeben : Erfolg
2013-06-20 23:35:24 : Information für Benutzername ichbinsisyphos ausgegeben : Erfolg
2013-06-20 23:35:43 : Information für Benutzername ichbinsisyphos ausgegeben : Erfolg
2013-06-20 23:36:46 : Information für Benutzername ichbinsisyphos ausgegeben : Erfolg
2013-06-20 23:43:43 : Information für Benutzername ichbinsisyphos ausgegeben : Erfolg
